Build started 15/01/2015 18:56:00.
     1>Project "E:\GameAI\GameAI\GameAI\GameAI.vcxproj" on node 2 (build target(s)).
     1>InitializeBuildStatus:
         Touching "Debug\GameAI.unsuccessfulbuild".
       ClCompile:
         C:\Program Files\Microsoft Visual Studio 10.0\VC\bin\CL.exe /c /IE:\GameAI\GameAI\GameAI\\SDL\mixer_include /IE:\GameAI\GameAI\GameAI\\SDL\include /IE:\GameAI\GameAI\GameAI\\SDL\image_include /ZI /nologo /W3 /WX- /Od /Oy- /D _MBCS /Gm /EHsc /RTC1 /MDd /GS /fp:precise /Zc:wchar_t /Zc:forScope /Fo"Debug\\" /Fd"Debug\vc100.pdb" /Gd /TP /analyze- /errorReport:prompt ProjectileManager.cpp
         ProjectileManager.cpp
     1>e:\gameai\gameai\gameai\projectilemanager.cpp(66): error C2664: 'std::_Vector_iterator<_Myvec> std::vector<_Ty>::erase(std::_Vector_const_iterator<_Myvec>)' : cannot convert parameter 1 from 'int' to 'std::_Vector_const_iterator<_Myvec>'
                 with
                 [
                     _Myvec=std::_Vector_val<int,std::allocator<int>>,
                     _Ty=int
                 ]
                 and
                 [
                     _Myvec=std::_Vector_val<int,std::allocator<int>>
                 ]
                 No constructor could take the source type, or constructor overload resolution was ambiguous
     1>Done Building Project "E:\GameAI\GameAI\GameAI\GameAI.vcxproj" (build target(s)) -- FAILED.

Build FAILED.

Time Elapsed 00:00:05.79
